<?xml version="1.0" encoding="UTF-8"?>
<testsuite xmlns:xsi="http://www.w3.org/2001/XMLSchema-instance" xsi:noNamespaceSchemaLocation="https://maven.apache.org/surefire/maven-surefire-plugin/xsd/surefire-test-report.xsd" name="cn.people.MyTest" time="16.933" tests="2" errors="0" skipped="0" failures="0">
  <properties>
[...]
</properties>
  <testcase name="buildTest" classname="cn.people.MyTest" time="0.237"/>
  <testcase name="transformPdfTest" classname="cn.people.MyTest" time="0.003"/>
</testsuite>